<?xml version="1.0" encoding="UTF-8"?>
<!-- Generated by org.testng.reporters.JUnitXMLReporter -->
<testsuite hostname="Наталья-ПК" name="Default test" tests="4" failures="0" timestamp="29 Jul 2014 00:07:24 GMT" time="29.958" errors="0">
  <testcase name="testEmptyAddressCreation" time="5.568" classname="com.example.tests.AddressCreationTests"/>
  <testcase name="testNonEmptyAddressCreation" time="4.877" classname="com.example.tests.AddressCreationTests"/>
  <testcase name="testEmptyGroupCreation" time="2.939" classname="com.example.tests.GroupCreationTests"/>
  <testcase name="testNonEmptyGroupCreation" time="2.998" classname="com.example.tests.GroupCreationTests"/>
</testsuite> <!-- Default test -->
