<?xml version="1.0" encoding="UTF-8"?>
<!-- Generated by org.testng.reporters.JUnitXMLReporter -->
<testsuite hostname="Наталья-ПК" name="Default test" tests="4" failures="0" timestamp="27 Jul 2014 08:13:31 GMT" time="29.226" errors="0">
  <testcase name="testEmptyAddressCreation" time="4.139" classname="com.example.tests.AddressCreationTests"/>
  <testcase name="testNonEmptyAddressCreation" time="5.231" classname="com.example.tests.AddressCreationTests"/>
  <testcase name="testEmptyGroupCreation" time="2.834" classname="com.example.tests.GroupCreationTests"/>
  <testcase name="testNonEmptyGroupCreation" time="2.93" classname="com.example.tests.GroupCreationTests"/>
</testsuite> <!-- Default test -->
