<?xml version="1.0" encoding="UTF-8"?>
<testng-results skipped="0" failed="0" total="4" passed="4">
  <reporter-output>
  </reporter-output>
  <suite name="Default suite" duration-ms="29958" started-at="2014-07-29T00:06:54Z" finished-at="2014-07-29T00:07:24Z">
    <groups>
    </groups>
    <test name="Default test" duration-ms="29958" started-at="2014-07-29T00:06:54Z" finished-at="2014-07-29T00:07:24Z">
      <class name="com.example.tests.AddressCreationTests">
        <test-method status="PASS" signature="setUp()[pri:0, instance:com.example.tests.AddressCreationTests@2be94b0f]" name="setUp" is-config="true" duration-ms="13235" started-at="2014-07-29T07:06:54Z" finished-at="2014-07-29T07:07:07Z">
          <reporter-output>
          </reporter-output>
        </test-method> <!-- setUp -->
        <test-method status="PASS" signature="testEmptyAddressCreation()[pri:0, instance:com.example.tests.AddressCreationTests@2be94b0f]" name="testEmptyAddressCreation" duration-ms="5568" started-at="2014-07-29T07:07:07Z" finished-at="2014-07-29T07:07:12Z">
          <reporter-output>
          </reporter-output>
        </test-method> <!-- testEmptyAddressCreation -->
        <test-method status="PASS" signature="testNonEmptyAddressCreation()[pri:0, instance:com.example.tests.AddressCreationTests@2be94b0f]" name="testNonEmptyAddressCreation" duration-ms="4877" started-at="2014-07-29T07:07:12Z" finished-at="2014-07-29T07:07:17Z">
          <reporter-output>
          </reporter-output>
        </test-method> <!-- testNonEmptyAddressCreation -->
        <test-method status="PASS" signature="tearDown()[pri:0, instance:com.example.tests.AddressCreationTests@2be94b0f]" name="tearDown" is-config="true" duration-ms="312" started-at="2014-07-29T07:07:23Z" finished-at="2014-07-29T07:07:24Z">
          <reporter-output>
          </reporter-output>
        </test-method> <!-- tearDown -->
      </class> <!-- com.example.tests.AddressCreationTests -->
      <class name="com.example.tests.GroupCreationTests">
        <test-method status="PASS" signature="testEmptyGroupCreation()[pri:0, instance:com.example.tests.GroupCreationTests@50cbc42f]" name="testEmptyGroupCreation" duration-ms="2939" started-at="2014-07-29T07:07:17Z" finished-at="2014-07-29T07:07:20Z">
          <reporter-output>
          </reporter-output>
        </test-method> <!-- testEmptyGroupCreation -->
        <test-method status="PASS" signature="testNonEmptyGroupCreation()[pri:0, instance:com.example.tests.GroupCreationTests@50cbc42f]" name="testNonEmptyGroupCreation" duration-ms="2998" started-at="2014-07-29T07:07:20Z" finished-at="2014-07-29T07:07:23Z">
          <reporter-output>
          </reporter-output>
        </test-method> <!-- testNonEmptyGroupCreation -->
      </class> <!-- com.example.tests.GroupCreationTests -->
    </test> <!-- Default test -->
  </suite> <!-- Default suite -->
</testng-results>
